<?xml version="1.0" encoding="UTF-8"?>
<!-- Generated by org.testng.reporters.JUnitReportReporter -->
<testsuite skipped="0" hostname="DESKTOP-AEJL1M7" name="com.common.CrossBrowserBase" tests="2" failures="0" timestamp="05 Jun 2021 17:06:26 GMT" time="8.580" errors="0">
  <testcase name="getDriver" time="4.693" classname="com.common.CrossBrowserBase"/>
  <testcase name="getDriver" time="3.887" classname="com.common.CrossBrowserBase"/>
</testsuite> <!-- com.common.CrossBrowserBase -->
