<?xml version="1.0" encoding="UTF-8"?>
<!-- Generated by org.testng.reporters.JUnitReportReporter -->
<testsuite skipped="0" hostname="DESKTOP-AEJL1M7" name="com.codedpractice.RadioButton" tests="1" failures="0" timestamp="05 Jun 2021 18:20:28 GMT" time="5.280" errors="0">
  <testcase name="test" time="5.280" classname="com.codedpractice.RadioButton"/>
</testsuite> <!-- com.codedpractice.RadioButton -->
